<?xml version="1.0" ?><testsuite name="org.adempiere.webui.component.GridPanel_Test" time="0.12" timestamp="2022-12-09T14:05:33" tests="4" failures="0" skipped="0" aborted="0"><properties><property name="awt.toolkit" value="sun.awt.X11.XToolkit"></property><property name="ant.library.dir" value="/opt/Apps/eclipse-2022/plugins/org.apache.ant_1.10.12.v20211102-1452/lib"></property><property name="test.performUnitTests" value="true"></property><property name="java.specification.version" value="11"></property><property name="base.build.dir" value="../base/build"></property><property name="ant.project.name" value="ZkWebUI"></property><property name="sun.cpu.isalist" value=""></property><property name="sun.jnu.encoding" value="UTF-8"></property><property name="WEBINF.dir" value="/opt/Development/workspace-jdk-11/adempiere/zkwebui/WEB-INF"></property><property name="compile.optimize" value="true"></property><property name="sun.arch.data.model" value="64"></property><property name="env.ENCODING" value="UTF-8"></property><property name="java.vendor.url" value="https://adoptium.net/"></property><property name="test.performTests" value="true"></property><property name="test.src" value="WEB-INF/test/src/"></property><property name="sun.boot.library.path" value="/usr/local/jdk11/lib"></property><property name="sun.java.command" value="org.eclipse.ant.internal.launching.remote.InternalAntRunner -Dorg.eclipse.ant.core.ANT_PROCESS_ID=1670594609186 -Declipse.connect.port=41063 -Dant.home=/opt/Apps/eclipse-2022/plugins/org.apache.ant_1.10.12.v20211102-1452 -logger org.eclipse.ant.internal.launching.remote.logger.RemoteAntBuildLogger -inputhandler org.eclipse.ant.internal.ui.antsupport.inputhandler.ProxyInputHandler -buildfile /opt/Development/workspace-jdk-11/adempiere/utils_dev/build.xml"></property><property name="jdk.debug" value="release"></property><property name="java.specification.vendor" value="Oracle Corporation"></property><property name="env.ADEMPIERE_ENV" value="Y"></property><property name="env.ADEMPIERE_SOURCE" value="/opt/Development/workspace-jdk-11/adempiere"></property><property name="java.version.date" value="2022-02-08"></property><property name="java.home" value="/usr/local/jdk11"></property><property name="basedir" value="/opt/Development/workspace-jdk-11/adempiere/zkwebui"></property><property name="file.separator" value="/"></property><property name="java.vm.compressedOopsMode" value="Zero based"></property><property name="line.separator" value="
"></property><property name="ant.file.type.properties" value="file"></property><property name="java.specification.name" value="Java Platform API Specification"></property><property name="java.vm.specification.vendor" value="Oracle Corporation"></property><property name="sun.management.compiler" value="HotSpot 64-Bit Tiered Compilers"></property><property name="java.runtime.version" value="11.0.14.1+1"></property><property name="user.name" value="yamel"></property><property name="ant.file.ADempiereBusinessSuite" value="/opt/Development/workspace-jdk-11/adempiere/utils_dev/build.xml"></property><property name="ant.file.ZkWebUI" value="/opt/Development/workspace-jdk-11/adempiere/zkwebui/build.xml"></property><property name="file.encoding" value="UTF-8"></property><property name="java.vendor.version" value="Temurin-11.0.14.1+1"></property><property name="env.XDOCLET_HOME" value="/opt/Development/workspace-jdk-11/adempiere/tools"></property><property name="dist.dir" value="/opt/Development/workspace-jdk-11/adempiere/zkwebui/dist"></property><property name="java.io.tmpdir" value="/tmp"></property><property name="java.version" value="11.0.14.1"></property><property name="base.test.build.dir" value="../base/test/build"></property><property name="java.vm.specification.name" value="Java Virtual Machine Specification"></property><property name="Adempiere.dir" value="/opt/Development/workspace-jdk-11/adempiere/zkwebui/../lib"></property><property name="java.awt.printerjob" value="sun.print.PSPrinterJob"></property><property name="ant.home" value="/opt/Apps/eclipse-2022/plugins/org.apache.ant_1.10.12.v20211102-1452"></property><property name="sun.os.patch.level" value="unknown"></property><property name="ant.file.type.ADempiereBusinessSuite" value="file"></property><property name="test.performIntegrationTests" value="false"></property><property name="ant.version" value="Apache Ant(TM) version 1.10.12 compiled on October 13 2021"></property><property name="env.ADEMPIERE_INSTALL" value="/opt/Development/workspace-jdk-11/adempiere/adempiere/install"></property><property name="java.library.path" value="/usr/java/packages/lib:/usr/lib64:/lib64:/lib:/usr/lib:/opt/Apps/eclipse-2022/configuration/org.eclipse.osgi/328/0/.cp"></property><property name="java.vendor" value="Eclipse Adoptium"></property><property name="classes.dir" value="/opt/Development/workspace-jdk-11/adempiere/zkwebui/WEB-INF/classes"></property><property name="compile.deprecation" value="false"></property><property name="sun.io.unicode.encoding" value="UnicodeLittle"></property><property name="unitTests.run" value="true"></property><property name="sun.desktop" value="gnome"></property><property name="java.class.path" value="/opt/Apps/eclipse-2022/plugins/org.apache.ant_1.10.12.v20211102-1452/lib/ant-antlr.jar:/opt/Apps/eclipse-2022/plugins/org.apache.ant_1.10.12.v20211102-1452/lib/ant-apache-bcel.jar:/opt/Apps/eclipse-2022/plugins/org.apache.ant_1.10.12.v20211102-1452/lib/ant-apache-bsf.jar:/opt/Apps/eclipse-2022/plugins/org.apache.ant_1.10.12.v20211102-1452/lib/ant-apache-log4j.jar:/opt/Apps/eclipse-2022/plugins/org.apache.ant_1.10.12.v20211102-1452/lib/ant-apache-oro.jar:/opt/Apps/eclipse-2022/plugins/org.apache.ant_1.10.12.v20211102-1452/lib/ant-apache-regexp.jar:/opt/Apps/eclipse-2022/plugins/org.apache.ant_1.10.12.v20211102-1452/lib/ant-apache-resolver.jar:/opt/Apps/eclipse-2022/plugins/org.apache.ant_1.10.12.v20211102-1452/lib/ant-apache-xalan2.jar:/opt/Apps/eclipse-2022/plugins/org.apache.ant_1.10.12.v20211102-1452/lib/ant-commons-logging.jar:/opt/Apps/eclipse-2022/plugins/org.apache.ant_1.10.12.v20211102-1452/lib/ant-commons-net.jar:/opt/Apps/eclipse-2022/plugins/org.apache.ant_1.10.12.v20211102-1452/lib/ant-imageio.jar:/opt/Apps/eclipse-2022/plugins/org.apache.ant_1.10.12.v20211102-1452/lib/ant-jai.jar:/opt/Apps/eclipse-2022/plugins/org.apache.ant_1.10.12.v20211102-1452/lib/ant-javamail.jar:/opt/Apps/eclipse-2022/plugins/org.apache.ant_1.10.12.v20211102-1452/lib/ant-jdepend.jar:/opt/Apps/eclipse-2022/plugins/org.apache.ant_1.10.12.v20211102-1452/lib/ant-jmf.jar:/opt/Apps/eclipse-2022/plugins/org.apache.ant_1.10.12.v20211102-1452/lib/ant-jsch.jar:/opt/Apps/eclipse-2022/plugins/org.apache.ant_1.10.12.v20211102-1452/lib/ant-junit.jar:/opt/Apps/eclipse-2022/plugins/org.apache.ant_1.10.12.v20211102-1452/lib/ant-junit4.jar:/opt/Apps/eclipse-2022/plugins/org.apache.ant_1.10.12.v20211102-1452/lib/ant-junitlauncher.jar:/opt/Apps/eclipse-2022/plugins/org.apache.ant_1.10.12.v20211102-1452/lib/ant-launcher.jar:/opt/Apps/eclipse-2022/plugins/org.apache.ant_1.10.12.v20211102-1452/lib/ant-netrexx.jar:/opt/Apps/eclipse-2022/plugins/org.apache.ant_1.10.12.v20211102-1452/lib/ant-swing.jar:/opt/Apps/eclipse-2022/plugins/org.apache.ant_1.10.12.v20211102-1452/lib/ant-testutil.jar:/opt/Apps/eclipse-2022/plugins/org.apache.ant_1.10.12.v20211102-1452/lib/ant-xz.jar:/opt/Apps/eclipse-2022/plugins/org.apache.ant_1.10.12.v20211102-1452/lib/ant.jar:/opt/Apps/eclipse-2022/configuration/org.eclipse.osgi/57/0/.cp/lib/antdebug.jar:/opt/Apps/eclipse-2022/configuration/org.eclipse.osgi/57/0/.cp/lib/remote.jar:/opt/Apps/eclipse-2022/configuration/org.eclipse.osgi/58/0/.cp/lib/remoteAnt.jar:/opt/Apps/eclipse-2022/plugins/org.eclipse.swt.gtk.linux.x86_64_3.118.0.v20211123-0851.jar"></property><property name="java.vm.vendor" value="Eclipse Adoptium"></property><property name="test.build.dir" value="WEB-INF/test/build"></property><property name="compile.debug" value="true"></property><property name="user.timezone" value="America/Caracas"></property><property name="os.name" value="Linux"></property><property name="java.vm.specification.version" value="11"></property><property name="user.country" value="US"></property><property name="sun.java.launcher" value="SUN_STANDARD"></property><property name="adempiere.base" value="/opt/Development/workspace-jdk-11/adempiere"></property><property name="sun.cpu.endian" value="little"></property><property name="user.home" value="/home/yamel"></property><property name="user.language" value="en"></property><property name="ant.auto.tmpdir" value="/tmp/ant16856147920074875316"></property><property name="ant.java.version" value="11"></property><property name="test.results.dir" value="WEB-INF/test/test_results"></property><property name="java.awt.graphicsenv" value="sun.awt.X11GraphicsEnvironment"></property><property name="ant.file" value="/opt/Development/workspace-jdk-11/adempiere/zkwebui/build.xml"></property><property name="path.separator" value=":"></property><property name="ant.file.properties" value="/opt/Development/workspace-jdk-11/adempiere/utils_dev/properties.xml"></property><property name="env.ADEMPIERE_VENDOR" value="ADempiere"></property><property name="os.version" value="5.15.0-56-generic"></property><property name="env.ADEMPIERE_VERSION" value="ADempiere"></property><property name="java.runtime.name" value="OpenJDK Runtime Environment"></property><property name="ant.project.invoked-targets" value="war"></property><property name="java.vm.name" value="OpenJDK 64-Bit Server VM"></property><property name="ant.core.lib" value="/opt/Apps/eclipse-2022/plugins/org.apache.ant_1.10.12.v20211102-1452/lib/ant.jar"></property><property name="java.vendor.url.bug" value="https://github.com/adoptium/adoptium-support/issues"></property><property name="user.dir" value="/opt/Development/workspace-jdk-11/adempiere/utils_dev"></property><property name="os.arch" value="amd64"></property><property name="env.ADEMPIERE_ROOT" value="/opt/Development/workspace-jdk-11/adempiere/adempiere"></property><property name="env.ADEMPIERE_HOME" value="/opt/Development/workspace-jdk-11/adempiere/adempiere/Adempiere"></property><property name="java.vm.info" value="mixed mode"></property><property name="env.ADEMPIERE_VERSION_FILE" value="393LTS"></property><property name="java.vm.version" value="11.0.14.1+1"></property><property name="ant.file.type.ZkWebUI" value="file"></property><property name="java.class.version" value="55.0"></property><property name="src.dir" value="/opt/Development/workspace-jdk-11/adempiere/zkwebui/WEB-INF/src"></property><property name="war.name" value="webui"></property><property name="ant.project.default-target" value="war"></property></properties><testcase classname="org.adempiere.webui.component.GridPanel_Test$GivenAGridTab$GivenATableWithRowsAndTheLastRowIsNotCurrent" name="givenNewRecord_thenNoNavigation(Key)[1]" time="0.024"></testcase><testcase classname="org.adempiere.webui.component.GridPanel_Test$GivenAGridTab$GivenATableWithRowsAndTheLastRowIsNotCurrent" name="givenNewRecord_thenNoNavigation(Key)[2]" time="0.025"></testcase><testcase classname="org.adempiere.webui.component.GridPanel_Test$GivenAGridTab$GivenATableWithRowsAndTheLastRowIsNotCurrent" name="givenNewRecord_thenNoNavigation(Key)[3]" time="0.024"></testcase><testcase classname="org.adempiere.webui.component.GridPanel_Test$GivenAGridTab$GivenATableWithRowsAndTheLastRowIsNotCurrent" name="givenNewRecord_thenNoNavigation(Key)[4]" time="0.033"></testcase></testsuite>